2025-05-15 23:18:12,518 INFO Command received: evaluate
2025-05-15 23:18:12,518 INFO Command received: train_gan
2025-05-15 23:18:27,976 INFO Command received: train_gan
2025-05-15 23:19:02,442 INFO Command received: evaluate
2025-05-15 23:19:48,711 INFO Command received: train_gan
2025-05-15 23:19:59,550 INFO Command received: evaluate
2025-05-15 23:20:31,489 INFO Command received: train_gan
2025-05-15 23:20:40,190 INFO Command received: evaluate
2025-05-15 23:20:59,038 INFO Command received: train_resnet
2025-05-15 23:25:08,861 INFO Command received: train_resnet
2025-05-15 23:27:10,750 INFO Command received: train_gan
2025-05-21 01:06:57,285 INFO Command received: evaluate
2025-05-21 01:06:57,285 WARNING Evaluating a single model is not yet fully implemented in main.py.
2025-05-21 01:09:17,820 INFO Command received: evaluate
2025-05-21 01:09:17,820 ERROR Checkpoint file not found at checkpoints\resnet_epoch_10.pth
2025-05-21 01:09:31,093 INFO Command received: evaluate
2025-05-21 01:09:31,093 ERROR Checkpoint file not found at checkpoints\resnet_epoch_10.pth
2025-05-21 01:56:42,542 INFO Command received: train_resnet
2025-05-21 02:21:42,251 INFO Command received: preprocess
2025-05-21 02:21:42,252 INFO Starting preprocessing from E:\Projects\Btp_Project-grv-\Btp_code\dataset to data/processed
2025-05-21 02:21:43,170 INFO Processed 100 real images
2025-05-21 02:21:43,983 INFO Processed 200 real images
2025-05-21 02:21:44,810 INFO Processed 300 real images
2025-05-21 02:21:45,702 INFO Processed 400 real images
2025-05-21 02:21:46,412 INFO Processed 500 real images
2025-05-21 02:21:47,345 INFO Processed 100 fake images
2025-05-21 02:21:48,161 INFO Processed 200 fake images
2025-05-21 02:21:49,000 INFO Processed 300 fake images
2025-05-21 02:21:49,747 INFO Processed 400 fake images
2025-05-21 02:21:50,519 INFO Processed 500 fake images
2025-05-21 02:21:50,520 INFO Finished preprocessing: 500 real images and 500 fake images
2025-05-21 02:21:50,521 INFO Preprocessing complete! 1000 total images processed.
2025-05-21 02:21:50,521 INFO You can now train models using: python main.py train_resnet --processed_dir data/processed
2025-05-21 02:25:45,705 INFO Command received: train_resnet
2025-05-21 02:29:25,837 INFO Command received: evaluate
2025-05-21 02:29:25,838 INFO Evaluating resnet using checkpoint checkpoints\resnet_epoch_20.pth on device cuda
2025-05-21 02:29:29,745 ERROR Error during evaluation: 'list' object has no attribute 'ndim'
2025-05-21 02:31:19,631 INFO Command received: train_resnet
2025-05-21 02:33:35,905 INFO Command received: evaluate
2025-05-21 02:33:35,905 INFO Evaluating resnet using checkpoint checkpoints\resnet_epoch_20.pth on device cuda
2025-05-21 02:33:40,084 INFO resnet Evaluation Metrics: Accuracy: 1.0000, F1 Score: 1.0000
2025-05-21 02:33:40,085 INFO resnet Confusion Matrix:
[[500   0]
 [  0 500]]
2025-05-21 02:35:32,420 INFO Command received: evaluate
2025-05-21 02:35:32,420 INFO Evaluating resnet using checkpoint checkpoints\resnet_epoch_20.pth on device cuda
2025-05-21 02:35:34,066 INFO resnet Evaluation Metrics: Accuracy: 1.0000, F1 Score: 1.0000
2025-05-21 02:35:34,066 INFO resnet Confusion Matrix:
[[113   0]
 [  0  87]]
